Started GET "/" for ::1 at 2017-03-24 18:25:30 +0200
Processing by HomeController#index as HTML
  Rendering home/index.html.slim within layouts/application
  Rendered home/index.html.slim within layouts/application (12.5ms)
  Rendered layouts/_navigation_links.html.slim (10.1ms)
  Rendered layouts/_navigation.html.slim (13.7ms)
  Rendered layouts/_messages.html.slim (3.2ms)
  Rendered layouts/_console.html.slim (2.8ms)
Completed 200 OK in 574ms (Views: 573.4ms | ActiveRecord: 0.0ms)


Started GET "/" for ::1 at 2017-03-24 18:25:34 +0200
Processing by HomeController#index as HTML
  Rendering home/index.html.slim within layouts/application
  Rendered home/index.html.slim within layouts/application (0.1ms)
  Rendered layouts/_navigation_links.html.slim (0.3ms)
  Rendered layouts/_navigation.html.slim (1.1ms)
  Rendered layouts/_messages.html.slim (0.1ms)
  Rendered layouts/_console.html.slim (0.2ms)
Completed 200 OK in 14ms (Views: 13.3ms | ActiveRecord: 0.0ms)


Started GET "/sign_in" for ::1 at 2017-03-24 18:25:35 +0200
Processing by Devise::SessionsController#new as HTML
  Rendering devise/sessions/new.html.slim within layouts/application
  Rendered devise/sessions/new.html.slim within layouts/application (10.4ms)
  Rendered layouts/_navigation_links.html.slim (0.2ms)
  Rendered layouts/_navigation.html.slim (0.7ms)
  Rendered layouts/_messages.html.slim (0.1ms)
  Rendered layouts/_console.html.slim (0.2ms)
Completed 200 OK in 35ms (Views: 23.9ms | ActiveRecord: 0.9ms)


Started GET "/users/auth/developer" for ::1 at 2017-03-24 18:25:37 +0200
Started POST "/users/auth/developer/callback" for ::1 at 2017-03-24 18:25:47 +0200
Processing by Users::OmniauthCallbacksController#developer as HTML
  Parameters: {"name"=>"kapranov", "email"=>"lugatex@yahoo.com"}
Redirected to http://localhost:3000/sign_in
Completed 302 Found in 1010ms (ActiveRecord: 480.6ms)


Started GET "/sign_in" for ::1 at 2017-03-24 18:25:48 +0200
Processing by Devise::SessionsController#new as HTML
Redirected to http://localhost:3000/locations
Filter chain halted as :require_no_authentication rendered or redirected
Completed 302 Found in 2ms (ActiveRecord: 0.4ms)


Started GET "/locations" for ::1 at 2017-03-24 18:25:48 +0200
Processing by LocationsController#index as HTML
  Rendering locations/index.html.slim within layouts/application
  Rendered collection of templates [0 times] (0.0ms)
  Rendered locations/index.html.slim within layouts/application (9.5ms)
  Rendered layouts/_navigation_links.html.slim (0.3ms)
  Rendered layouts/_navigation.html.slim (1.1ms)
  Rendered layouts/_messages.html.slim (0.2ms)
  Rendered layouts/_console.html.slim (0.4ms)
Completed 200 OK in 81ms (Views: 30.0ms | ActiveRecord: 1.1ms)


Started GET "/locations" for ::1 at 2017-03-24 18:25:52 +0200
Processing by LocationsController#index as HTML
  Rendering locations/index.html.slim within layouts/application
  Rendered collection of templates [0 times] (0.0ms)
  Rendered locations/index.html.slim within layouts/application (1.5ms)
  Rendered layouts/_navigation_links.html.slim (0.2ms)
  Rendered layouts/_navigation.html.slim (0.7ms)
  Rendered layouts/_messages.html.slim (0.1ms)
  Rendered layouts/_console.html.slim (0.3ms)
Completed 200 OK in 19ms (Views: 14.8ms | ActiveRecord: 0.9ms)


Started GET "/locations/new" for ::1 at 2017-03-24 18:25:54 +0200
Processing by LocationsController#new as HTML
  Rendering locations/new.html.slim within layouts/application
  Rendered shared/_errors.html.slim (2.9ms)
  Rendered locations/_feature_fields.html.slim (8.3ms)
  Rendered locations/_photo_fields.html.slim (6.6ms)
  Rendered locations/_floorplan_fields.html.slim (4.0ms)
  Rendered locations/_form.html.slim (85.0ms)
  Rendered locations/new.html.slim within layouts/application (89.6ms)
  Rendered layouts/_navigation_links.html.slim (0.3ms)
  Rendered layouts/_navigation.html.slim (0.9ms)
  Rendered layouts/_messages.html.slim (0.1ms)
  Rendered layouts/_console.html.slim (0.2ms)
Completed 200 OK in 110ms (Views: 100.2ms | ActiveRecord: 2.4ms)


Started POST "/locations" for ::1 at 2017-03-24 18:27:32 +0200
Processing by LocationsController#create as HTML
  Parameters: {"utf8"=>"✓", "authenticity_token"=>"yHC8Swk3OTHzEdZjUl2pwBEFx++pbqnFA1aE+f09DSQOK4UVkHH6R9TgpRKMz8CxjH25i3In3GXnKUOTBFx18A==", "location"=>{"raw_address"=>"156 E Dana St Mountain View CA 94041", "features_attributes"=>{"1490372798241"=>{"description"=>"text 1", "_destroy"=>"false"}, "1490372806942"=>{"description"=>"text 2", "_destroy"=>"false"}, "1490372811115"=>{"description"=>"text 3", "_destroy"=>"false"}}, "photos_attributes"=>{"1490372817578"=>{"image"=>#<ActionDispatch::Http::UploadedFile:0x007fc37995c268 @tempfile=#<Tempfile:/tmp/RackMultipart20170324-11449-plcfsc.jpg>, @original_filename="TRUMP-Office1.jpg", @content_type="image/jpeg", @headers="Content-Disposition: form-data; name=\"location[photos_attributes][1490372817578][image]\"; filename=\"TRUMP-Office1.jpg\"\r\nContent-Type: image/jpeg\r\n">, "_destroy"=>"false"}, "1490372823875"=>{"image"=>#<ActionDispatch::Http::UploadedFile:0x007fc359523f40 @tempfile=#<Tempfile:/tmp/RackMultipart20170324-11449-vu4jyq.jpg>, @original_filename="TRUMP-Office2.jpg", @content_type="image/jpeg", @headers="Content-Disposition: form-data; name=\"location[photos_attributes][1490372823875][image]\"; filename=\"TRUMP-Office2.jpg\"\r\nContent-Type: image/jpeg\r\n">, "_destroy"=>"false"}, "1490372830592"=>{"image"=>#<ActionDispatch::Http::UploadedFile:0x007fc359523dd8 @tempfile=#<Tempfile:/tmp/RackMultipart20170324-11449-h0nh9.jpg>, @original_filename="TRUMP-Office3.jpg", @content_type="image/jpeg", @headers="Content-Disposition: form-data; name=\"location[photos_attributes][1490372830592][image]\"; filename=\"TRUMP-Office3.jpg\"\r\nContent-Type: image/jpeg\r\n">, "_destroy"=>"false"}}, "floorplans_attributes"=>{"1490372839902"=>{"image"=>#<ActionDispatch::Http::UploadedFile:0x007fc359523b58 @tempfile=#<Tempfile:/tmp/RackMultipart20170324-11449-6sirl0.jpg>, @original_filename="TRUMP-Office4.jpg", @content_type="image/jpeg", @headers="Content-Disposition: form-data; name=\"location[floorplans_attributes][1490372839902][image]\"; filename=\"TRUMP-Office4.jpg\"\r\nContent-Type: image/jpeg\r\n">, "_destroy"=>"false"}, "1490372847340"=>{"image"=>#<ActionDispatch::Http::UploadedFile:0x007fc3595239f0 @tempfile=#<Tempfile:/tmp/RackMultipart20170324-11449-i1k9ky.jpg>, @original_filename="TRUMP-Office5.jpg", @content_type="image/jpeg", @headers="Content-Disposition: form-data; name=\"location[floorplans_attributes][1490372847340][image]\"; filename=\"TRUMP-Office5.jpg\"\r\nContent-Type: image/jpeg\r\n">, "_destroy"=>"false"}}}, "commit"=>"Add"}
STORE[cache] ImageUploader[:image] Photo 1 file (0.01s)
STORE[cache] ImageUploader[:image] Photo 1 file (0.0s)
STORE[cache] ImageUploader[:image] Photo 1 file (0.0s)
STORE[cache] FloorplanUploader[:image] Floorplan 1 file (0.01s)
STORE[cache] FloorplanUploader[:image] Floorplan 1 file (0.01s)
PROCESS[store] ImageUploader[:image] Photo[1] 1-2 files (0.12s)
STORE[store] ImageUploader[:image] Photo[1] 2 files (0.01s)
PROCESS[store] ImageUploader[:image] Photo[2] 1-2 files (0.03s)
STORE[store] ImageUploader[:image] Photo[2] 2 files (0.01s)
PROCESS[store] ImageUploader[:image] Photo[3] 1-2 files (0.19s)
STORE[store] ImageUploader[:image] Photo[3] 2 files (0.03s)
PROCESS[store] FloorplanUploader[:image] Floorplan[1] 1-2 files (0.05s)
STORE[store] FloorplanUploader[:image] Floorplan[1] 2 files (0.02s)
PROCESS[store] FloorplanUploader[:image] Floorplan[2] 1-2 files (0.16s)
STORE[store] FloorplanUploader[:image] Floorplan[2] 2 files (0.01s)
Redirected to http://localhost:3000/locations
Completed 302 Found in 2411ms (ActiveRecord: 977.7ms)


Started GET "/locations" for ::1 at 2017-03-24 18:27:35 +0200
Processing by LocationsController#index as HTML
  Rendering locations/index.html.slim within layouts/application
  Rendered collection of locations/_location.html.slim [1 times] (38.0ms)
  Rendered locations/index.html.slim within layouts/application (40.9ms)
  Rendered layouts/_navigation_links.html.slim (0.3ms)
  Rendered layouts/_navigation.html.slim (0.8ms)
  Rendered layouts/_messages.html.slim (0.1ms)
  Rendered layouts/_console.html.slim (0.3ms)
Completed 200 OK in 60ms (Views: 54.1ms | ActiveRecord: 2.0ms)


Started GET "/" for ::1 at 2017-03-24 18:27:59 +0200
Processing by HomeController#index as HTML
  Rendering home/index.html.slim within layouts/application
  Rendered home/index.html.slim within layouts/application (0.1ms)
  Rendered layouts/_navigation_links.html.slim (1.6ms)
  Rendered layouts/_navigation.html.slim (2.3ms)
  Rendered layouts/_messages.html.slim (0.1ms)
  Rendered layouts/_console.html.slim (0.4ms)
Completed 200 OK in 19ms (Views: 18.0ms | ActiveRecord: 0.2ms)


Started GET "/locations" for ::1 at 2017-03-24 18:28:00 +0200
Processing by LocationsController#index as HTML
  Rendering locations/index.html.slim within layouts/application
  Rendered collection of locations/_location.html.slim [1 times] (12.3ms)
  Rendered locations/index.html.slim within layouts/application (14.4ms)
  Rendered layouts/_navigation_links.html.slim (0.3ms)
  Rendered layouts/_navigation.html.slim (1.1ms)
  Rendered layouts/_messages.html.slim (0.2ms)
  Rendered layouts/_console.html.slim (0.5ms)
Completed 200 OK in 38ms (Views: 33.1ms | ActiveRecord: 2.1ms)


Started PUT "/__web_console/repl_sessions/cbe7d9b13c8ba18488c5b5747a4ddbbd" for ::1 at 2017-03-24 18:28:04 +0200
Started PUT "/__web_console/repl_sessions/cbe7d9b13c8ba18488c5b5747a4ddbbd" for ::1 at 2017-03-24 18:28:05 +0200
Started PUT "/__web_console/repl_sessions/cbe7d9b13c8ba18488c5b5747a4ddbbd" for ::1 at 2017-03-24 18:28:06 +0200
Started PUT "/__web_console/repl_sessions/cbe7d9b13c8ba18488c5b5747a4ddbbd" for ::1 at 2017-03-24 18:28:10 +0200
Started PUT "/__web_console/repl_sessions/cbe7d9b13c8ba18488c5b5747a4ddbbd" for ::1 at 2017-03-24 18:28:13 +0200
Started PUT "/__web_console/repl_sessions/cbe7d9b13c8ba18488c5b5747a4ddbbd" for ::1 at 2017-03-24 18:28:15 +0200
Started PUT "/__web_console/repl_sessions/cbe7d9b13c8ba18488c5b5747a4ddbbd" for ::1 at 2017-03-24 18:28:16 +0200
Started PUT "/__web_console/repl_sessions/cbe7d9b13c8ba18488c5b5747a4ddbbd" for ::1 at 2017-03-24 18:28:19 +0200
Started PUT "/__web_console/repl_sessions/cbe7d9b13c8ba18488c5b5747a4ddbbd" for ::1 at 2017-03-24 18:28:21 +0200
Started PUT "/__web_console/repl_sessions/cbe7d9b13c8ba18488c5b5747a4ddbbd" for ::1 at 2017-03-24 18:28:24 +0200
Started PUT "/__web_console/repl_sessions/cbe7d9b13c8ba18488c5b5747a4ddbbd" for ::1 at 2017-03-24 18:28:25 +0200
Started PUT "/__web_console/repl_sessions/cbe7d9b13c8ba18488c5b5747a4ddbbd" for ::1 at 2017-03-24 18:28:26 +0200
Started PUT "/__web_console/repl_sessions/cbe7d9b13c8ba18488c5b5747a4ddbbd" for ::1 at 2017-03-24 18:28:31 +0200
Started PUT "/__web_console/repl_sessions/cbe7d9b13c8ba18488c5b5747a4ddbbd" for ::1 at 2017-03-24 18:28:35 +0200
Started PUT "/__web_console/repl_sessions/cbe7d9b13c8ba18488c5b5747a4ddbbd" for ::1 at 2017-03-24 18:28:36 +0200
Started PUT "/__web_console/repl_sessions/cbe7d9b13c8ba18488c5b5747a4ddbbd" for ::1 at 2017-03-24 18:28:43 +0200
Started PUT "/__web_console/repl_sessions/cbe7d9b13c8ba18488c5b5747a4ddbbd" for ::1 at 2017-03-24 18:28:45 +0200
Started PUT "/__web_console/repl_sessions/cbe7d9b13c8ba18488c5b5747a4ddbbd" for ::1 at 2017-03-24 18:28:46 +0200
Started DELETE "/sign_out" for ::1 at 2017-03-24 18:28:52 +0200
Processing by Devise::SessionsController#destroy as HTML
  Parameters: {"authenticity_token"=>"wh9R0JXVzQZNyJcPEQkreB9WjjBs+XWqpLXYiRqAac4ERGiODJMOcGo55H7Pm0IJgi7wVLewAApAyh/j4+ERGg=="}
Redirected to http://localhost:3000/
Completed 302 Found in 39ms (ActiveRecord: 0.6ms)


Started GET "/" for ::1 at 2017-03-24 18:28:52 +0200
Processing by HomeController#index as HTML
  Rendering home/index.html.slim within layouts/application
  Rendered home/index.html.slim within layouts/application (0.1ms)
  Rendered layouts/_navigation_links.html.slim (0.3ms)
  Rendered layouts/_navigation.html.slim (0.8ms)
  Rendered layouts/_messages.html.slim (0.1ms)
  Rendered layouts/_console.html.slim (0.3ms)
Completed 200 OK in 14ms (Views: 13.7ms | ActiveRecord: 0.0ms)


Started GET "/" for ::1 at 2017-03-24 18:28:54 +0200
Processing by HomeController#index as HTML
  Rendering home/index.html.slim within layouts/application
  Rendered home/index.html.slim within layouts/application (0.1ms)
  Rendered layouts/_navigation_links.html.slim (0.4ms)
  Rendered layouts/_navigation.html.slim (1.2ms)
  Rendered layouts/_messages.html.slim (0.1ms)
  Rendered layouts/_console.html.slim (0.4ms)
Completed 200 OK in 22ms (Views: 20.7ms | ActiveRecord: 0.0ms)


Started GET "/sign_in" for ::1 at 2017-03-24 18:28:57 +0200
Processing by Devise::SessionsController#new as HTML
  Rendering devise/sessions/new.html.slim within layouts/application
  Rendered devise/sessions/new.html.slim within layouts/application (10.0ms)
  Rendered layouts/_navigation_links.html.slim (0.6ms)
  Rendered layouts/_navigation.html.slim (1.2ms)
  Rendered layouts/_messages.html.slim (0.1ms)
  Rendered layouts/_console.html.slim (0.3ms)
Completed 200 OK in 29ms (Views: 28.2ms | ActiveRecord: 0.0ms)


Started GET "/users/auth/developer" for ::1 at 2017-03-24 18:28:58 +0200
Started POST "/users/auth/developer/callback" for ::1 at 2017-03-24 18:29:22 +0200
Processing by Users::OmniauthCallbacksController#developer as HTML
  Parameters: {"name"=>"kaufman", "email"=>"kaufman@yahoo.com"}
Redirected to http://localhost:3000/sign_in
Completed 302 Found in 442ms (ActiveRecord: 436.0ms)


Started GET "/sign_in" for ::1 at 2017-03-24 18:29:22 +0200
Processing by Devise::SessionsController#new as HTML
Redirected to http://localhost:3000/locations
Filter chain halted as :require_no_authentication rendered or redirected
Completed 302 Found in 2ms (ActiveRecord: 0.3ms)


Started GET "/locations" for ::1 at 2017-03-24 18:29:22 +0200
Processing by LocationsController#index as HTML
  Rendering locations/index.html.slim within layouts/application
  Rendered collection of templates [0 times] (0.0ms)
  Rendered locations/index.html.slim within layouts/application (0.9ms)
  Rendered layouts/_navigation_links.html.slim (0.2ms)
  Rendered layouts/_navigation.html.slim (0.7ms)
  Rendered layouts/_messages.html.slim (0.1ms)
  Rendered layouts/_console.html.slim (0.2ms)
Completed 200 OK in 15ms (Views: 12.6ms | ActiveRecord: 0.4ms)


Started GET "/locations" for ::1 at 2017-03-24 18:29:26 +0200
Processing by LocationsController#index as HTML
  Rendering locations/index.html.slim within layouts/application
  Rendered collection of templates [0 times] (0.0ms)
  Rendered locations/index.html.slim within layouts/application (1.0ms)
  Rendered layouts/_navigation_links.html.slim (0.2ms)
  Rendered layouts/_navigation.html.slim (0.7ms)
  Rendered layouts/_messages.html.slim (0.1ms)
  Rendered layouts/_console.html.slim (15.1ms)
Completed 200 OK in 31ms (Views: 28.0ms | ActiveRecord: 0.4ms)


Started GET "/locations/new" for ::1 at 2017-03-24 18:29:30 +0200
Processing by LocationsController#new as HTML
  Rendering locations/new.html.slim within layouts/application
  Rendered shared/_errors.html.slim (0.0ms)
  Rendered locations/_feature_fields.html.slim (0.9ms)
  Rendered locations/_photo_fields.html.slim (0.8ms)
  Rendered locations/_floorplan_fields.html.slim (0.5ms)
  Rendered locations/_form.html.slim (15.5ms)
  Rendered locations/new.html.slim within layouts/application (16.1ms)
  Rendered layouts/_navigation_links.html.slim (0.4ms)
  Rendered layouts/_navigation.html.slim (1.2ms)
  Rendered layouts/_messages.html.slim (0.1ms)
  Rendered layouts/_console.html.slim (0.5ms)
Completed 200 OK in 43ms (Views: 40.5ms | ActiveRecord: 0.3ms)


Started POST "/locations" for ::1 at 2017-03-24 18:31:38 +0200
Processing by LocationsController#create as HTML
  Parameters: {"utf8"=>"✓", "authenticity_token"=>"6XLPdRZOX4/qK9+jtuI1ZAOws9Ykk6uIXupoUHXAtuWJlYaAuJjTn7hjlTjgNx5fEeiRyBD4Lt5nuX1iMLavHQ==", "location"=>{"raw_address"=>"517 SW 4th Ave Ste 2 Portland 97204", "features_attributes"=>{"1490373011491"=>{"description"=>"kaufman feature #1", "_destroy"=>"false"}, "1490373025510"=>{"description"=>"kaufman feature #2", "_destroy"=>"false"}, "1490373030912"=>{"description"=>"kaufman feature #3", "_destroy"=>"false"}, "1490373035608"=>{"description"=>"kaufman feature #4", "_destroy"=>"false"}, "1490373038948"=>{"description"=>"kaufman feature #5", "_destroy"=>"false"}, "1490373042683"=>{"description"=>"kaufman feature #6", "_destroy"=>"false"}, "1490373047821"=>{"description"=>"kaufman feature #7", "_destroy"=>"false"}, "1490373051967"=>{"description"=>"kaufman feature #8", "_destroy"=>"false"}, "1490373055179"=>{"description"=>"kaufman feature #9", "_destroy"=>"false"}}, "photos_attributes"=>{"1490373061188"=>{"image"=>#<ActionDispatch::Http::UploadedFile:0x007fc3581d4610 @tempfile=#<Tempfile:/tmp/RackMultipart20170324-11449-1rbgv7g.jpg>, @original_filename="Battleship.jpg", @content_type="image/jpeg", @headers="Content-Disposition: form-data; name=\"location[photos_attributes][1490373061188][image]\"; filename=\"Battleship.jpg\"\r\nContent-Type: image/jpeg\r\n">, "_destroy"=>"false"}, "1490373078011"=>{"image"=>#<ActionDispatch::Http::UploadedFile:0x007fc3581d44a8 @tempfile=#<Tempfile:/tmp/RackMultipart20170324-11449-nipmg4.jpg>, @original_filename="awesome_bg.jpg", @content_type="image/jpeg", @headers="Content-Disposition: form-data; name=\"location[photos_attributes][1490373078011][image]\"; filename=\"awesome_bg.jpg\"\r\nContent-Type: image/jpeg\r\n">, "_destroy"=>"false"}}, "floorplans_attributes"=>{"1490373087377"=>{"image"=>#<ActionDispatch::Http::UploadedFile:0x007fc3581d4250 @tempfile=#<Tempfile:/tmp/RackMultipart20170324-11449-1p22o9p.jpg>, @original_filename="bloomberg-goldman-chat-libor.jpg", @content_type="image/jpeg", @headers="Content-Disposition: form-data; name=\"location[floorplans_attributes][1490373087377][image]\"; filename=\"bloomberg-goldman-chat-libor.jpg\"\r\nContent-Type: image/jpeg\r\n">, "_destroy"=>"false"}}}, "commit"=>"Add"}
STORE[cache] ImageUploader[:image] Photo 1 file (0.01s)
STORE[cache] ImageUploader[:image] Photo 1 file (0.01s)
STORE[cache] FloorplanUploader[:image] Floorplan 1 file (0.01s)
PROCESS[store] ImageUploader[:image] Photo[4] 1-2 files (0.43s)
STORE[store] ImageUploader[:image] Photo[4] 2 files (0.01s)
PROCESS[store] ImageUploader[:image] Photo[5] 1-2 files (0.08s)
STORE[store] ImageUploader[:image] Photo[5] 2 files (0.01s)
PROCESS[store] FloorplanUploader[:image] Floorplan[3] 1-2 files (0.09s)
STORE[store] FloorplanUploader[:image] Floorplan[3] 2 files (0.01s)
Redirected to http://localhost:3000/locations
Completed 302 Found in 2410ms (ActiveRecord: 797.2ms)


Started GET "/locations" for ::1 at 2017-03-24 18:31:41 +0200
Processing by LocationsController#index as HTML
  Rendering locations/index.html.slim within layouts/application
  Rendered collection of locations/_location.html.slim [1 times] (8.2ms)
  Rendered locations/index.html.slim within layouts/application (9.6ms)
  Rendered layouts/_navigation_links.html.slim (0.2ms)
  Rendered layouts/_navigation.html.slim (0.7ms)
  Rendered layouts/_messages.html.slim (0.1ms)
  Rendered layouts/_console.html.slim (0.3ms)
Completed 200 OK in 25ms (Views: 21.7ms | ActiveRecord: 1.3ms)


Started GET "/" for ::1 at 2017-03-24 18:31:52 +0200
Processing by HomeController#index as HTML
  Rendering home/index.html.slim within layouts/application
  Rendered home/index.html.slim within layouts/application (0.1ms)
  Rendered layouts/_navigation_links.html.slim (1.4ms)
  Rendered layouts/_navigation.html.slim (2.0ms)
  Rendered layouts/_messages.html.slim (0.1ms)
  Rendered layouts/_console.html.slim (0.3ms)
Completed 200 OK in 17ms (Views: 15.9ms | ActiveRecord: 0.2ms)


Started GET "/" for ::1 at 2017-03-24 18:32:03 +0200
Processing by HomeController#index as HTML
  Rendering home/index.html.slim within layouts/application
  Rendered home/index.html.slim within layouts/application (0.1ms)
  Rendered layouts/_navigation_links.html.slim (0.3ms)
  Rendered layouts/_navigation.html.slim (0.9ms)
  Rendered layouts/_messages.html.slim (0.1ms)
  Rendered layouts/_console.html.slim (0.3ms)
Completed 200 OK in 16ms (Views: 14.9ms | ActiveRecord: 0.0ms)


Started GET "/sign_in" for ::1 at 2017-03-24 18:32:08 +0200
Processing by Devise::SessionsController#new as HTML
  Rendering devise/sessions/new.html.slim within layouts/application
  Rendered devise/sessions/new.html.slim within layouts/application (5.0ms)
  Rendered layouts/_navigation_links.html.slim (0.2ms)
  Rendered layouts/_navigation.html.slim (0.8ms)
  Rendered layouts/_messages.html.slim (0.1ms)
  Rendered layouts/_console.html.slim (0.3ms)
Completed 200 OK in 22ms (Views: 20.9ms | ActiveRecord: 0.0ms)


Started GET "/users/auth/developer" for ::1 at 2017-03-24 18:32:09 +0200
Started POST "/users/auth/developer/callback" for ::1 at 2017-03-24 18:32:23 +0200
Processing by Users::OmniauthCallbacksController#developer as HTML
  Parameters: {"name"=>"kapranov", "email"=>"lugatex@yahoo.com"}
Redirected to http://localhost:3000/sign_in
Completed 302 Found in 270ms (ActiveRecord: 265.6ms)


Started GET "/sign_in" for ::1 at 2017-03-24 18:32:24 +0200
Processing by Devise::SessionsController#new as HTML
Redirected to http://localhost:3000/locations
Filter chain halted as :require_no_authentication rendered or redirected
Completed 302 Found in 2ms (ActiveRecord: 0.3ms)


Started GET "/locations" for ::1 at 2017-03-24 18:32:24 +0200
Processing by LocationsController#index as HTML
  Rendering locations/index.html.slim within layouts/application
  Rendered collection of locations/_location.html.slim [1 times] (8.0ms)
  Rendered locations/index.html.slim within layouts/application (9.4ms)
  Rendered layouts/_navigation_links.html.slim (0.2ms)
  Rendered layouts/_navigation.html.slim (0.7ms)
  Rendered layouts/_messages.html.slim (0.1ms)
  Rendered layouts/_console.html.slim (0.3ms)
Completed 200 OK in 27ms (Views: 22.4ms | ActiveRecord: 1.2ms)


Started DELETE "/sign_out" for ::1 at 2017-03-24 18:32:29 +0200
Processing by Devise::SessionsController#destroy as HTML
  Parameters: {"authenticity_token"=>"9qh9oKvVoxvxQsSf6uJ/M/N78kDlQpngrzibU4fr7/obf4kAGMyOJ0Eccfa+x29sGSfEYDhvbS+JBWDNop3oug=="}
Redirected to http://localhost:3000/
Completed 302 Found in 4ms (ActiveRecord: 0.3ms)


Started GET "/" for ::1 at 2017-03-24 18:32:29 +0200
Processing by HomeController#index as HTML
  Rendering home/index.html.slim within layouts/application
  Rendered home/index.html.slim within layouts/application (0.1ms)
  Rendered layouts/_navigation_links.html.slim (0.3ms)
  Rendered layouts/_navigation.html.slim (0.9ms)
  Rendered layouts/_messages.html.slim (0.1ms)
  Rendered layouts/_console.html.slim (0.3ms)
Completed 200 OK in 14ms (Views: 13.3ms | ActiveRecord: 0.0ms)


Started GET "/" for ::1 at 2017-03-24 18:32:37 +0200
Processing by HomeController#index as HTML
  Rendering home/index.html.slim within layouts/application
  Rendered home/index.html.slim within layouts/application (0.0ms)
  Rendered layouts/_navigation_links.html.slim (0.4ms)
  Rendered layouts/_navigation.html.slim (1.1ms)
  Rendered layouts/_messages.html.slim (0.1ms)
  Rendered layouts/_console.html.slim (0.3ms)
Completed 200 OK in 19ms (Views: 18.7ms | ActiveRecord: 0.0ms)


Started GET "/sign_in" for ::1 at 2017-03-24 18:32:39 +0200
Processing by Devise::SessionsController#new as HTML
  Rendering devise/sessions/new.html.slim within layouts/application
  Rendered devise/sessions/new.html.slim within layouts/application (5.4ms)
  Rendered layouts/_navigation_links.html.slim (0.2ms)
  Rendered layouts/_navigation.html.slim (0.8ms)
  Rendered layouts/_messages.html.slim (0.1ms)
  Rendered layouts/_console.html.slim (0.3ms)
Completed 200 OK in 34ms (Views: 32.3ms | ActiveRecord: 0.0ms)


Started GET "/users/auth/developer" for ::1 at 2017-03-24 18:32:42 +0200
Started POST "/users/auth/developer/callback" for ::1 at 2017-03-24 18:33:00 +0200
Processing by Users::OmniauthCallbacksController#developer as HTML
  Parameters: {"name"=>"kaufman", "email"=>"kaufman@yahoo.com"}
Redirected to http://localhost:3000/sign_in
Completed 302 Found in 270ms (ActiveRecord: 265.4ms)


Started GET "/sign_in" for ::1 at 2017-03-24 18:33:00 +0200
Processing by Devise::SessionsController#new as HTML
Redirected to http://localhost:3000/locations
Filter chain halted as :require_no_authentication rendered or redirected
Completed 302 Found in 2ms (ActiveRecord: 0.3ms)


Started GET "/locations" for ::1 at 2017-03-24 18:33:00 +0200
Processing by LocationsController#index as HTML
  Rendering locations/index.html.slim within layouts/application
  Rendered collection of locations/_location.html.slim [1 times] (10.0ms)
  Rendered locations/index.html.slim within layouts/application (11.5ms)
  Rendered layouts/_navigation_links.html.slim (0.4ms)
  Rendered layouts/_navigation.html.slim (0.9ms)
  Rendered layouts/_messages.html.slim (0.1ms)
  Rendered layouts/_console.html.slim (0.6ms)
Completed 200 OK in 32ms (Views: 27.3ms | ActiveRecord: 1.2ms)


Started DELETE "/sign_out" for ::1 at 2017-03-24 18:33:08 +0200
Processing by Devise::SessionsController#destroy as HTML
  Parameters: {"authenticity_token"=>"FFExjZLKNeOzUtvhsTnRvAuWxSFAJsYoCxK8BjWIX9rNKcXSK+FP+2iy/OYKgmqKni6r0TPFx+tlG94AnDbphA=="}
Redirected to http://localhost:3000/
Completed 302 Found in 6ms (ActiveRecord: 0.9ms)


Started GET "/" for ::1 at 2017-03-24 18:33:08 +0200
Processing by HomeController#index as HTML
  Rendering home/index.html.slim within layouts/application
  Rendered home/index.html.slim within layouts/application (0.1ms)
  Rendered layouts/_navigation_links.html.slim (0.5ms)
  Rendered layouts/_navigation.html.slim (1.3ms)
  Rendered layouts/_messages.html.slim (0.2ms)
  Rendered layouts/_console.html.slim (1.1ms)
Completed 200 OK in 24ms (Views: 23.0ms | ActiveRecord: 0.0ms)


